Release 14.7 - ngc2edif P.20131013 (lin64)
Copyright (c) 1995-2013 Xilinx, Inc.  All rights reserved.
Reading design main.ngc ...
WARNING:NetListWriters:298 - No output is written to main.xncf, ignored.
Processing design ...
   Preping design's networks ...
   Preping design's macros ...
  finished :Prep
Writing EDIF netlist file main.edif ...
ngc2edif: Total memory usage is 92040 kilobytes

Release 14.7 - ngc2edif P.20131013 (lin64)
Copyright (c) 1995-2013 Xilinx, Inc.  All rights reserved.
Reading design main.ngc ...
WARNING:NetListWriters:298 - No output is written to main.xncf, ignored.
Processing design ...
   Preping design's networks ...
   Preping design's macros ...
  finished :Prep
Writing EDIF netlist file main.edif ...
ngc2edif: Total memory usage is 92048 kilobytes

Release 14.7 - ngc2edif P.20131013 (lin64)
Copyright (c) 1995-2013 Xilinx, Inc.  All rights reserved.
Reading design main.ngc ...
WARNING:NetListWriters:298 - No output is written to main.xncf, ignored.
Processing design ...
   Preping design's networks ...
   Preping design's macros ...
  finished :Prep
Writing EDIF netlist file main.edif ...
ngc2edif: Total memory usage is 92044 kilobytes

Release 14.7 - ngc2edif P.20131013 (lin64)
Copyright (c) 1995-2013 Xilinx, Inc.  All rights reserved.
Reading design main.ngc ...
WARNING:NetListWriters:298 - No output is written to main.xncf, ignored.
Processing design ...
   Preping design's networks ...
   Preping design's macros ...
  finished :Prep
Writing EDIF netlist file main.edif ...
ngc2edif: Total memory usage is 92040 kilobytes

Release 14.7 - ngc2edif P.20131013 (lin64)
Copyright (c) 1995-2013 Xilinx, Inc.  All rights reserved.
Reading design main.ngc ...
WARNING:NetListWriters:298 - No output is written to main.xncf, ignored.
Processing design ...
   Preping design's networks ...
   Preping design's macros ...
  finished :Prep
Writing EDIF netlist file main.edif ...
ngc2edif: Total memory usage is 92044 kilobytes

Release 14.7 - ngc2edif P.20131013 (lin64)
Copyright (c) 1995-2013 Xilinx, Inc.  All rights reserved.
Reading design main.ngc ...
WARNING:NetListWriters:298 - No output is written to main.xncf, ignored.
Processing design ...
   Preping design's networks ...
   Preping design's macros ...
  finished :Prep
Writing EDIF netlist file main.edif ...
ngc2edif: Total memory usage is 92048 kilobytes

Release 14.7 - ngc2edif P.20131013 (lin64)
Copyright (c) 1995-2013 Xilinx, Inc.  All rights reserved.
Reading design main.ngc ...
WARNING:NetListWriters:298 - No output is written to main.xncf, ignored.
Processing design ...
   Preping design's networks ...
   Preping design's macros ...
  finished :Prep
Writing EDIF netlist file main.edif ...
ngc2edif: Total memory usage is 92052 kilobytes

Release 14.7 - ngc2edif P.20131013 (lin64)
Copyright (c) 1995-2013 Xilinx, Inc.  All rights reserved.
Reading design ETH1CFGEN1.ngc ...
WARNING:NetListWriters:298 - No output is written to ETH1CFGEN1.xncf, ignored.
Processing design ...
   Preping design's networks ...
   Preping design's macros ...
  finished :Prep
Writing EDIF netlist file ETH1CFGEN1.edif ...
ngc2edif: Total memory usage is 92448 kilobytes

Release 14.7 - ngc2edif P.20131013 (lin64)
Copyright (c) 1995-2013 Xilinx, Inc.  All rights reserved.
Reading design blk_mem_gen_v7_3.ngc ...
WARNING:NetListWriters:298 - No output is written to blk_mem_gen_v7_3.xncf,
   ignored.
Processing design ...
   Preping design's networks ...
   Preping design's macros ...
  finished :Prep
Writing EDIF netlist file blk_mem_gen_v7_3.edif ...
ngc2edif: Total memory usage is 92560 kilobytes

Release 14.7 - ngc2edif P.20131013 (lin64)
Copyright (c) 1995-2013 Xilinx, Inc.  All rights reserved.
Reading design blk_mem_gen_v7_3.ngc ...
WARNING:NetListWriters:298 - No output is written to blk_mem_gen_v7_3.xncf,
   ignored.
Processing design ...
   Preping design's networks ...
   Preping design's macros ...
  finished :Prep
Writing EDIF netlist file blk_mem_gen_v7_3.edif ...
ngc2edif: Total memory usage is 92496 kilobytes

Release 14.7 - ngc2edif P.20131013 (lin64)
Copyright (c) 1995-2013 Xilinx, Inc.  All rights reserved.
Reading design blk_mem_gen_v7_3.ngc ...
WARNING:NetListWriters:298 - No output is written to blk_mem_gen_v7_3.xncf,
   ignored.
Processing design ...
   Preping design's networks ...
   Preping design's macros ...
  finished :Prep
Writing EDIF netlist file blk_mem_gen_v7_3.edif ...
ngc2edif: Total memory usage is 92500 kilobytes

Release 14.7 - ngc2edif P.20131013 (lin64)
Copyright (c) 1995-2013 Xilinx, Inc.  All rights reserved.
Reading design blk_mem_gen_v7_3.ngc ...
WARNING:NetListWriters:298 - No output is written to blk_mem_gen_v7_3.xncf,
   ignored.
Processing design ...
   Preping design's networks ...
   Preping design's macros ...
  finished :Prep
Writing EDIF netlist file blk_mem_gen_v7_3.edif ...
ngc2edif: Total memory usage is 92504 kilobytes

Release 14.7 - ngc2edif P.20131013 (lin64)
Copyright (c) 1995-2013 Xilinx, Inc.  All rights reserved.
Reading design blk_mem_gen_v7_3.ngc ...
WARNING:NetListWriters:298 - No output is written to blk_mem_gen_v7_3.xncf,
   ignored.
Processing design ...
   Preping design's networks ...
   Preping design's macros ...
  finished :Prep
Writing EDIF netlist file blk_mem_gen_v7_3.edif ...
ngc2edif: Total memory usage is 92500 kilobytes

Release 14.7 - ngc2edif P.20131013 (lin64)
Copyright (c) 1995-2013 Xilinx, Inc.  All rights reserved.
Reading design ETH1CFGEN1.ngc ...
WARNING:NetListWriters:298 - No output is written to ETH1CFGEN1.xncf, ignored.
Processing design ...
   Preping design's networks ...
   Preping design's macros ...
  finished :Prep
Writing EDIF netlist file ETH1CFGEN1.edif ...
ngc2edif: Total memory usage is 92488 kilobytes

Release 14.7 - ngc2edif P.20131013 (lin64)
Copyright (c) 1995-2013 Xilinx, Inc.  All rights reserved.
Reading design blk_mem_gen_v7_3.ngc ...
WARNING:NetListWriters:298 - No output is written to blk_mem_gen_v7_3.xncf,
   ignored.
Processing design ...
   Preping design's networks ...
   Preping design's macros ...
  finished :Prep
Writing EDIF netlist file blk_mem_gen_v7_3.edif ...
ngc2edif: Total memory usage is 92564 kilobytes

Release 14.7 - ngc2edif P.20131013 (lin64)
Copyright (c) 1995-2013 Xilinx, Inc.  All rights reserved.
Reading design blk_mem_gen_v7_3.ngc ...
WARNING:NetListWriters:298 - No output is written to blk_mem_gen_v7_3.xncf,
   ignored.
Processing design ...
   Preping design's networks ...
   Preping design's macros ...
  finished :Prep
Writing EDIF netlist file blk_mem_gen_v7_3.edif ...
ngc2edif: Total memory usage is 92500 kilobytes

Release 14.7 - ngc2edif P.20131013 (lin64)
Copyright (c) 1995-2013 Xilinx, Inc.  All rights reserved.
Reading design ETH1CFGEN1.ngc ...
WARNING:NetListWriters:298 - No output is written to ETH1CFGEN1.xncf, ignored.
Processing design ...
   Preping design's networks ...
   Preping design's macros ...
  finished :Prep
Writing EDIF netlist file ETH1CFGEN1.edif ...
ngc2edif: Total memory usage is 92488 kilobytes

Release 14.7 - ngc2edif P.20131013 (lin64)
Copyright (c) 1995-2013 Xilinx, Inc.  All rights reserved.
Reading design blk_mem_gen_v7_3.ngc ...
WARNING:NetListWriters:298 - No output is written to blk_mem_gen_v7_3.xncf,
   ignored.
Processing design ...
   Preping design's networks ...
   Preping design's macros ...
  finished :Prep
Writing EDIF netlist file blk_mem_gen_v7_3.edif ...
ngc2edif: Total memory usage is 92560 kilobytes

Release 14.7 - ngc2edif P.20131013 (lin64)
Copyright (c) 1995-2013 Xilinx, Inc.  All rights reserved.
Reading design ETH1CFGEN1.ngc ...
WARNING:NetListWriters:298 - No output is written to ETH1CFGEN1.xncf, ignored.
Processing design ...
   Preping design's networks ...
   Preping design's macros ...
  finished :Prep
Writing EDIF netlist file ETH1CFGEN1.edif ...
ngc2edif: Total memory usage is 92496 kilobytes

Release 14.7 - ngc2edif P.20131013 (lin64)
Copyright (c) 1995-2013 Xilinx, Inc.  All rights reserved.
Reading design blk_mem_gen_v7_3.ngc ...
WARNING:NetListWriters:298 - No output is written to blk_mem_gen_v7_3.xncf,
   ignored.
Processing design ...
   Preping design's networks ...
   Preping design's macros ...
  finished :Prep
Writing EDIF netlist file blk_mem_gen_v7_3.edif ...
ngc2edif: Total memory usage is 92560 kilobytes

Release 14.7 - ngc2edif P.20131013 (lin64)
Copyright (c) 1995-2013 Xilinx, Inc.  All rights reserved.
Reading design ETH1CFGEN1.ngc ...
WARNING:NetListWriters:298 - No output is written to ETH1CFGEN1.xncf, ignored.
Processing design ...
   Preping design's networks ...
   Preping design's macros ...
  finished :Prep
Writing EDIF netlist file ETH1CFGEN1.edif ...
ngc2edif: Total memory usage is 92488 kilobytes

Release 14.7 - ngc2edif P.20131013 (lin64)
Copyright (c) 1995-2013 Xilinx, Inc.  All rights reserved.
Reading design blk_mem_gen_v7_3.ngc ...
WARNING:NetListWriters:298 - No output is written to blk_mem_gen_v7_3.xncf,
   ignored.
Processing design ...
   Preping design's networks ...
   Preping design's macros ...
  finished :Prep
Writing EDIF netlist file blk_mem_gen_v7_3.edif ...
ngc2edif: Total memory usage is 92564 kilobytes

Release 14.7 - ngc2edif P.20131013 (lin64)
Copyright (c) 1995-2013 Xilinx, Inc.  All rights reserved.
Reading design ETH1CFGEN1.ngc ...
WARNING:NetListWriters:298 - No output is written to ETH1CFGEN1.xncf, ignored.
Processing design ...
   Preping design's networks ...
   Preping design's macros ...
  finished :Prep
Writing EDIF netlist file ETH1CFGEN1.edif ...
ngc2edif: Total memory usage is 92492 kilobytes

Release 14.7 - ngc2edif P.20131013 (lin64)
Copyright (c) 1995-2013 Xilinx, Inc.  All rights reserved.
Reading design blk_mem_gen_v7_3.ngc ...
WARNING:NetListWriters:298 - No output is written to blk_mem_gen_v7_3.xncf,
   ignored.
Processing design ...
   Preping design's networks ...
   Preping design's macros ...
  finished :Prep
Writing EDIF netlist file blk_mem_gen_v7_3.edif ...
ngc2edif: Total memory usage is 92560 kilobytes

Release 14.7 - ngc2edif P.20131013 (lin64)
Copyright (c) 1995-2013 Xilinx, Inc.  All rights reserved.
Reading design ETH1CFGEN1.ngc ...
WARNING:NetListWriters:298 - No output is written to ETH1CFGEN1.xncf, ignored.
Processing design ...
   Preping design's networks ...
   Preping design's macros ...
  finished :Prep
Writing EDIF netlist file ETH1CFGEN1.edif ...
ngc2edif: Total memory usage is 92512 kilobytes

Release 14.7 - ngc2edif P.20131013 (lin64)
Copyright (c) 1995-2013 Xilinx, Inc.  All rights reserved.
Reading design blk_mem_gen_v7_3.ngc ...
WARNING:NetListWriters:298 - No output is written to blk_mem_gen_v7_3.xncf,
   ignored.
Processing design ...
   Preping design's networks ...
   Preping design's macros ...
  finished :Prep
Writing EDIF netlist file blk_mem_gen_v7_3.edif ...
ngc2edif: Total memory usage is 92564 kilobytes

Release 14.7 - ngc2edif P.20131013 (lin64)
Copyright (c) 1995-2013 Xilinx, Inc.  All rights reserved.
Reading design ETH1CFGEN1.ngc ...
WARNING:NetListWriters:298 - No output is written to ETH1CFGEN1.xncf, ignored.
Processing design ...
   Preping design's networks ...
   Preping design's macros ...
  finished :Prep
Writing EDIF netlist file ETH1CFGEN1.edif ...
ngc2edif: Total memory usage is 92508 kilobytes

Release 14.7 - ngc2edif P.20131013 (lin64)
Copyright (c) 1995-2013 Xilinx, Inc.  All rights reserved.
Reading design blk_mem_gen_v7_3.ngc ...
WARNING:NetListWriters:298 - No output is written to blk_mem_gen_v7_3.xncf,
   ignored.
Processing design ...
   Preping design's networks ...
   Preping design's macros ...
  finished :Prep
Writing EDIF netlist file blk_mem_gen_v7_3.edif ...
ngc2edif: Total memory usage is 92560 kilobytes

Release 14.7 - ngc2edif P.20131013 (lin64)
Copyright (c) 1995-2013 Xilinx, Inc.  All rights reserved.
Reading design ETH1CFGEN1.ngc ...
WARNING:NetListWriters:298 - No output is written to ETH1CFGEN1.xncf, ignored.
Processing design ...
   Preping design's networks ...
   Preping design's macros ...
WARNING:NetListWriters:306 - Signal bus spi_stm32h7/o_RX_Byte<31 : 0> on block
   ETH1CFGEN1 is not reconstructed, because there are some missing bus signals.
WARNING:NetListWriters:306 - Signal bus spi_stm32h7/r_RX_Byte<31 : 0> on block
   ETH1CFGEN1 is not reconstructed, because there are some missing bus signals.
WARNING:NetListWriters:306 - Signal bus spi_stm32h7/r_Temp_RX_Byte<30 : 0> on
   block ETH1CFGEN1 is not reconstructed, because there are some missing bus
   signals.
  finished :Prep
Writing EDIF netlist file ETH1CFGEN1.edif ...
ngc2edif: Total memory usage is 93264 kilobytes

Release 14.7 - ngc2edif P.20131013 (lin64)
Copyright (c) 1995-2013 Xilinx, Inc.  All rights reserved.
Reading design blk_mem_gen_v7_3.ngc ...
WARNING:NetListWriters:298 - No output is written to blk_mem_gen_v7_3.xncf,
   ignored.
Processing design ...
   Preping design's networks ...
   Preping design's macros ...
  finished :Prep
Writing EDIF netlist file blk_mem_gen_v7_3.edif ...
ngc2edif: Total memory usage is 92556 kilobytes

Release 14.7 - ngc2edif P.20131013 (lin64)
Copyright (c) 1995-2013 Xilinx, Inc.  All rights reserved.
Reading design blk_mem_gen_v7_3.ngc ...
WARNING:NetListWriters:298 - No output is written to blk_mem_gen_v7_3.xncf,
   ignored.
Processing design ...
   Preping design's networks ...
   Preping design's macros ...
  finished :Prep
Writing EDIF netlist file blk_mem_gen_v7_3.edif ...
ngc2edif: Total memory usage is 92500 kilobytes

Release 14.7 - ngc2edif P.20131013 (lin64)
Copyright (c) 1995-2013 Xilinx, Inc.  All rights reserved.
Reading design ETH1CFGEN1.ngc ...
WARNING:NetListWriters:298 - No output is written to ETH1CFGEN1.xncf, ignored.
Processing design ...
   Preping design's networks ...
   Preping design's macros ...
WARNING:NetListWriters:306 - Signal bus
   rx_dv_count[3]_spi_rx_data_tmp[7]_select_11_OUT<31 : 0> on block ETH1CFGEN1
   is not reconstructed, because there are some missing bus signals.
  finished :Prep
Writing EDIF netlist file ETH1CFGEN1.edif ...
ngc2edif: Total memory usage is 93080 kilobytes

Release 14.7 - ngc2edif P.20131013 (lin64)
Copyright (c) 1995-2013 Xilinx, Inc.  All rights reserved.
Reading design blk_mem_gen_v7_3.ngc ...
WARNING:NetListWriters:298 - No output is written to blk_mem_gen_v7_3.xncf,
   ignored.
Processing design ...
   Preping design's networks ...
   Preping design's macros ...
  finished :Prep
Writing EDIF netlist file blk_mem_gen_v7_3.edif ...
ngc2edif: Total memory usage is 92556 kilobytes

Release 14.7 - ngc2edif P.20131013 (lin64)
Copyright (c) 1995-2013 Xilinx, Inc.  All rights reserved.
Reading design ETH1CFGEN1.ngc ...
WARNING:NetListWriters:298 - No output is written to ETH1CFGEN1.xncf, ignored.
Processing design ...
   Preping design's networks ...
   Preping design's macros ...
WARNING:NetListWriters:306 - Signal bus
   rx_dv_count[3]_spi_rx_data_tmp[7]_select_11_OUT<31 : 0> on block ETH1CFGEN1
   is not reconstructed, because there are some missing bus signals.
  finished :Prep
Writing EDIF netlist file ETH1CFGEN1.edif ...
ngc2edif: Total memory usage is 93080 kilobytes

Release 14.7 - ngc2edif P.20131013 (lin64)
Copyright (c) 1995-2013 Xilinx, Inc.  All rights reserved.
Reading design blk_mem_gen_v7_3.ngc ...
WARNING:NetListWriters:298 - No output is written to blk_mem_gen_v7_3.xncf,
   ignored.
Processing design ...
   Preping design's networks ...
   Preping design's macros ...
  finished :Prep
Writing EDIF netlist file blk_mem_gen_v7_3.edif ...
ngc2edif: Total memory usage is 92556 kilobytes

Release 14.7 - ngc2edif P.20131013 (lin64)
Copyright (c) 1995-2013 Xilinx, Inc.  All rights reserved.
Reading design ETH1CFGEN1.ngc ...
WARNING:NetListWriters:298 - No output is written to ETH1CFGEN1.xncf, ignored.
Processing design ...
   Preping design's networks ...
   Preping design's macros ...
  finished :Prep
Writing EDIF netlist file ETH1CFGEN1.edif ...
ngc2edif: Total memory usage is 93440 kilobytes

Release 14.7 - ngc2edif P.20131013 (lin64)
Copyright (c) 1995-2013 Xilinx, Inc.  All rights reserved.
Reading design fifo_generator_v9_3.ngc ...
WARNING:NetListWriters:298 - No output is written to fifo_generator_v9_3.xncf,
   ignored.
Processing design ...
   Preping design's networks ...
   Preping design's macros ...
  finished :Prep
Writing EDIF netlist file fifo_generator_v9_3.edif ...
ngc2edif: Total memory usage is 93576 kilobytes

Release 14.7 - ngc2edif P.20131013 (lin64)
Copyright (c) 1995-2013 Xilinx, Inc.  All rights reserved.
Reading design blk_mem_gen_v7_3.ngc ...
WARNING:NetListWriters:298 - No output is written to blk_mem_gen_v7_3.xncf,
   ignored.
Processing design ...
   Preping design's networks ...
   Preping design's macros ...
  finished :Prep
Writing EDIF netlist file blk_mem_gen_v7_3.edif ...
ngc2edif: Total memory usage is 92560 kilobytes

Release 14.7 - ngc2edif P.20131013 (lin64)
Copyright (c) 1995-2013 Xilinx, Inc.  All rights reserved.
Reading design spi_slave_test.ngc ...
WARNING:NetListWriters:298 - No output is written to spi_slave_test.xncf,
   ignored.
Processing design ...
   Preping design's networks ...
   Preping design's macros ...
  finished :Prep
Writing EDIF netlist file spi_slave_test.edif ...
ngc2edif: Total memory usage is 92220 kilobytes

