Command line:
   ad9744_module_isim_beh.exe
     -simmode  gui
     -simrunnum  0
     -socket  38621

Sun Oct  1 04:05:28 2023


 Elaboration Time: 0.21 sec

 Current Memory Usage: 196.714 Meg

 Total Signals          : 18
 Total Nets             : 46
 Total Signal Drivers   : 7
 Total Blocks           : 2
 Total Primitive Blocks : 2
 Total Processes        : 9
 Total Traceable Variables  : 20
 Total Scalar Nets and Variables : 141
Total Line Count : 20

 Total Simulation Time: 0.21 sec

 Current Memory Usage: 272.216 Meg

Sun Oct  1 04:05:32 2023

