#-----------------------------------------------------------
# PlanAhead v14.7 (64-bit)
# Build 321239 by xbuild on Fri Sep 27 19:24:36 MDT 2013
# Start of session at: Mon Jan  8 18:24:47 2024
# Process ID: 15579
# Log file: /home/grzegorz/git/ETH1CFGEN1/software/FPGA/ETH1CFGEN1/planAhead_run_2/planAhead.log
# Journal file: /home/grzegorz/git/ETH1CFGEN1/software/FPGA/ETH1CFGEN1/planAhead_run_2/planAhead.jou
#-----------------------------------------------------------
INFO: [Common 17-78] Attempting to get a license: PlanAhead
INFO: [Common 17-290] Got license for PlanAhead
INFO: [Device 21-36] Loading parts and site information from /opt/Xilinx/14.7/ISE_DS/PlanAhead/data/parts/arch.xml
Parsing RTL primitives file [/opt/Xilinx/14.7/ISE_DS/PlanAhead/data/parts/xilinx/rtl/prims/rtl_prims.xml]
Finished parsing RTL primitives file [/opt/Xilinx/14.7/ISE_DS/PlanAhead/data/parts/xilinx/rtl/prims/rtl_prims.xml]
start_gui
source /home/grzegorz/git/ETH1CFGEN1/software/FPGA/ETH1CFGEN1/pa.fromHdl.tcl
# create_project -name ETH1CFGEN1 -dir "/home/grzegorz/git/ETH1CFGEN1/software/FPGA/ETH1CFGEN1/planAhead_run_2" -part xc6slx9csg324-2
# set_param project.pinAheadLayout yes
# set srcset [get_property srcset [current_run -impl]]
# set_property target_constrs_file "main.ucf" [current_fileset -constrset]
Adding file '/home/grzegorz/git/ETH1CFGEN1/software/FPGA/ETH1CFGEN1/main.ucf' to fileset 'constrs_1'
# set hdlfile [add_files [list {rtl/spi_slave.vhd}]]
# set_property file_type VHDL $hdlfile
# set_property library work $hdlfile
# set hdlfile [add_files [list {ipcore_dir/clk_wiz_v3_6.v}]]
# set_property file_type Verilog $hdlfile
# set_property library work $hdlfile
# set hdlfile [add_files [list {rtl/main.v}]]
# set_property file_type Verilog $hdlfile
# set_property library work $hdlfile
# set_property top main $srcset
# add_files [list {main.ucf}] -fileset [get_property constrset [current_run]]
# open_rtl_design -part xc6slx9csg324-2
Using Verific elaboration
Parsing VHDL file "/opt/Xilinx/14.7/ISE_DS/PlanAhead/data/parts/xilinx/rtl/lib/synplify/synattr.vhd" into library synplify
Parsing VHDL file "/opt/Xilinx/14.7/ISE_DS/PlanAhead/data/parts/xilinx/rtl/lib/synplify/synattr.vhd" into library synplify
Parsing VHDL file "/home/grzegorz/git/ETH1CFGEN1/software/FPGA/ETH1CFGEN1/rtl/spi_slave.vhd" into library work
Loading clock regions from /opt/Xilinx/14.7/ISE_DS/PlanAhead/data/parts/xilinx/spartan6/spartan6lx/xc6slx9/ClockRegion.xml
Loading clock buffers from /opt/Xilinx/14.7/ISE_DS/PlanAhead/data/parts/xilinx/spartan6/spartan6lx/xc6slx9/ClockBuffers.xml
Loading package pin functions from /opt/Xilinx/14.7/ISE_DS/PlanAhead/data/parts/xilinx/spartan6/PinFunctions.xml...
Loading package from /opt/Xilinx/14.7/ISE_DS/PlanAhead/data/parts/xilinx/spartan6/spartan6lx/xc6slx9/csg324/Package.xml
Loading io standards from /opt/Xilinx/14.7/ISE_DS/PlanAhead/data/./parts/xilinx/spartan6/IOStandards.xml
Loading device configuration modes from /opt/Xilinx/14.7/ISE_DS/PlanAhead/data/parts/xilinx/spartan6/ConfigModes.xml
Loading list of drcs for the architecture : /opt/Xilinx/14.7/ISE_DS/PlanAhead/data/./parts/xilinx/spartan6/drc.xml
Parsing UCF File [/home/grzegorz/git/ETH1CFGEN1/software/FPGA/ETH1CFGEN1/main.ucf]
Finished Parsing UCF File [/home/grzegorz/git/ETH1CFGEN1/software/FPGA/ETH1CFGEN1/main.ucf]
INFO: [Project 1-111] Unisim Transformation Summary:
No Unisim elements were transformed.

Phase 0 | Netlist Checksum: 62a5f927
open_rtl_design: Time (s): cpu = 00:00:15 ; elapsed = 00:00:07 . Memory (MB): peak = 2911.203 ; gain = 153.898
update_compile_order -fileset sim_1
exit
ERROR: [#UNDEF] *** Exception: ui.h.b: Found deleted key in HTclEventBroker. Verify if the classes listed here call cleanup()
HTclEvent: SIGNAL_MODIFY   Classes: ui.views.aR 
HTclEvent: DEBUG_CORE_CONFIG_CHANGE   Classes: ui.views.aR 
HTclEvent: DEBUG_PORT_CONFIG_CHANGE   Classes: ui.views.aR 
HTclEvent: SIGNAL_BUS_MODIFY   Classes: ui.views.aR 
 (See /home/grzegorz/git/ETH1CFGEN1/software/FPGA/ETH1CFGEN1/planAhead_pid15579.debug)
ERROR: [Common 17-39] 'stop_gui' failed due to earlier errors.
INFO: [Common 17-206] Exiting PlanAhead at Mon Jan  8 18:27:55 2024...
INFO: [Common 17-83] Releasing license: PlanAhead
